/*C32*/SET SCHEMA PUBLIC
SET SCHEMA "PUBLIC"
INSERT INTO EVENTS VALUES('0059d992-f33d-4d36-b00d-d664b9263ced','Beats in - TL','CEO Beats','beats-in-tl',25)
COMMIT
INSERT INTO ATTENDEES VALUES('ee74286a-76c1-466c-b46c-5a0e96f117b5','Paloma Azevedo Silva','palomas@gmail.com','0059d992-f33d-4d36-b00d-d664b9263ced','2024-04-06 18:03:52.634811')
COMMIT
DISCONNECT
/*C33*/SET SCHEMA PUBLIC
DISCONNECT
/*C34*/SET SCHEMA PUBLIC
DISCONNECT
/*C35*/SET SCHEMA PUBLIC
DISCONNECT
/*C36*/SET SCHEMA PUBLIC
DISCONNECT
/*C37*/SET SCHEMA PUBLIC
DISCONNECT
/*C38*/SET SCHEMA PUBLIC
DISCONNECT
/*C39*/SET SCHEMA PUBLIC
DISCONNECT
/*C40*/SET SCHEMA PUBLIC
DISCONNECT
/*C41*/SET SCHEMA PUBLIC
DISCONNECT
